<?xml version="1.0" encoding="UTF-8"?>
<!-- Generated by org.testng.reporters.JUnitReportReporter -->
<testsuite skipped="0" hostname="Chinmayees-MacBook-Pro.local" name="EndToEndTest" tests="1" failures="0" timestamp="2022-06-11T19:39:30 IST" time="57.842" errors="0">
  <testcase name="validateorderpage" time="57.842" classname="EndToEndTest"/>
  <system-out/>
</testsuite> <!-- EndToEndTest -->
