<?xml version="1.0" encoding="UTF-8"?>
<!-- Generated by org.testng.reporters.JUnitReportReporter -->
<testsuite skipped="0" hostname="Chinmayees-MacBook-Pro.local" name="AccountCreationTest" tests="1" failures="0" timestamp="2022-06-11T19:39:30 IST" time="16.171" errors="0">
  <testcase name="validateAccountCreationPage" time="16.171" classname="AccountCreationTest"/>
  <system-out/>
</testsuite> <!-- AccountCreationTest -->
