<?xml version="1.0" encoding="UTF-8"?>
<!-- Generated by org.testng.reporters.JUnitReportReporter -->
<testsuite skipped="0" hostname="Chinmayees-MacBook-Pro.local" name="OrderPageTest" tests="1" failures="0" timestamp="2022-06-11T19:39:30 IST" time="20.349" errors="0">
  <testcase name="validateorderpage" time="20.349" classname="OrderPageTest"/>
  <system-out/>
</testsuite> <!-- OrderPageTest -->
