<?xml version="1.0" encoding="UTF-8"?>
<!-- Generated by org.testng.reporters.JUnitReportReporter -->
<testsuite skipped="0" hostname="Chinmayees-MacBook-Pro.local" name="SearchResultPageTest" tests="3" failures="0" timestamp="2022-06-11T19:39:30 IST" time="61.585" errors="0">
  <testcase name="validatenosearch" time="10.896" classname="SearchResultPageTest"/>
  <system-out/>
  <testcase name="validatenoresulttext" time="10.329" classname="SearchResultPageTest"/>
  <system-out/>
  <testcase name="checkseachresult" time="40.360" classname="SearchResultPageTest"/>
  <system-out/>
</testsuite> <!-- SearchResultPageTest -->
